mode: set
immersive-dashboard/features/classes/service/logic.go:15.68,18.2 2 1
immersive-dashboard/features/classes/service/logic.go:21.63,23.24 2 1
immersive-dashboard/features/classes/service/logic.go:23.24,25.3 1 1
immersive-dashboard/features/classes/service/logic.go:26.2,27.22 2 1
immersive-dashboard/features/classes/service/logic.go:27.22,29.3 1 1
immersive-dashboard/features/classes/service/logic.go:30.2,30.12 1 1
immersive-dashboard/features/classes/service/logic.go:34.52,36.22 2 1
immersive-dashboard/features/classes/service/logic.go:36.22,38.3 1 1
immersive-dashboard/features/classes/service/logic.go:39.2,39.12 1 1
immersive-dashboard/features/classes/service/logic.go:43.70,45.22 2 1
immersive-dashboard/features/classes/service/logic.go:45.22,47.3 1 1
immersive-dashboard/features/classes/service/logic.go:48.2,48.12 1 1
immersive-dashboard/features/classes/service/logic.go:52.84,57.2 4 1
immersive-dashboard/features/classes/service/logic.go:60.61,63.2 2 1
immersive-dashboard/features/classes/service/logic.go:65.73,70.2 1 1
immersive-dashboard/features/logs/service/logic.go:15.42,20.2 1 1
immersive-dashboard/features/logs/service/logic.go:22.57,24.52 1 1
immersive-dashboard/features/logs/service/logic.go:24.52,27.3 2 1
immersive-dashboard/features/logs/service/logic.go:28.2,29.16 2 1
immersive-dashboard/features/logs/service/logic.go:29.16,32.3 2 1
immersive-dashboard/features/logs/service/logic.go:33.2,33.12 1 1
immersive-dashboard/features/logs/service/logic.go:36.71,38.16 2 1
immersive-dashboard/features/logs/service/logic.go:38.16,41.3 2 1
immersive-dashboard/features/logs/service/logic.go:42.2,42.17 1 1
immersive-dashboard/features/mentees/service/logic.go:15.66,18.2 2 1
immersive-dashboard/features/mentees/service/logic.go:21.64,23.24 2 1
immersive-dashboard/features/mentees/service/logic.go:23.24,25.3 1 1
immersive-dashboard/features/mentees/service/logic.go:26.2,27.22 2 1
immersive-dashboard/features/mentees/service/logic.go:27.22,29.3 1 1
immersive-dashboard/features/mentees/service/logic.go:30.2,30.12 1 1
immersive-dashboard/features/mentees/service/logic.go:34.53,36.22 2 1
immersive-dashboard/features/mentees/service/logic.go:36.22,38.3 1 1
immersive-dashboard/features/mentees/service/logic.go:39.2,39.12 1 1
immersive-dashboard/features/mentees/service/logic.go:43.71,45.22 2 1
immersive-dashboard/features/mentees/service/logic.go:45.22,47.3 1 1
immersive-dashboard/features/mentees/service/logic.go:48.2,48.12 1 1
immersive-dashboard/features/mentees/service/logic.go:52.110,57.2 4 1
immersive-dashboard/features/mentees/service/logic.go:59.75,64.2 1 1
immersive-dashboard/features/status/service/logic.go:15.63,18.2 2 1
immersive-dashboard/features/status/service/logic.go:20.73,25.2 1 1
immersive-dashboard/features/users/service/logic.go:18.46,23.2 1 1
immersive-dashboard/features/users/service/logic.go:25.62,27.53 1 1
immersive-dashboard/features/users/service/logic.go:27.53,30.3 2 0
immersive-dashboard/features/users/service/logic.go:32.2,33.22 2 1
immersive-dashboard/features/users/service/logic.go:33.22,36.3 2 0
immersive-dashboard/features/users/service/logic.go:38.2,41.16 3 1
immersive-dashboard/features/users/service/logic.go:41.16,44.3 2 0
immersive-dashboard/features/users/service/logic.go:46.2,46.12 1 1
immersive-dashboard/features/users/service/logic.go:50.92,51.17 1 0
immersive-dashboard/features/users/service/logic.go:51.17,53.3 1 0
immersive-dashboard/features/users/service/logic.go:53.8,53.27 1 0
immersive-dashboard/features/users/service/logic.go:53.27,55.3 1 0
immersive-dashboard/features/users/service/logic.go:57.2,58.16 2 0
immersive-dashboard/features/users/service/logic.go:58.16,61.3 2 0
immersive-dashboard/features/users/service/logic.go:63.2,63.67 1 0
immersive-dashboard/features/users/service/logic.go:63.67,66.3 2 0
immersive-dashboard/features/users/service/logic.go:68.2,69.16 2 0
immersive-dashboard/features/users/service/logic.go:69.16,72.3 2 0
immersive-dashboard/features/users/service/logic.go:74.2,74.24 1 0
immersive-dashboard/features/users/service/logic.go:77.63,79.16 2 0
immersive-dashboard/features/users/service/logic.go:79.16,82.3 2 0
immersive-dashboard/features/users/service/logic.go:83.2,83.17 1 0
immersive-dashboard/features/users/service/logic.go:86.83,88.16 2 1
immersive-dashboard/features/users/service/logic.go:88.16,91.3 2 1
immersive-dashboard/features/users/service/logic.go:92.2,92.17 1 1
immersive-dashboard/features/users/service/logic.go:95.61,97.16 2 1
immersive-dashboard/features/users/service/logic.go:97.16,100.3 2 1
immersive-dashboard/features/users/service/logic.go:101.2,101.17 1 1
immersive-dashboard/features/users/service/logic.go:104.75,105.31 1 1
immersive-dashboard/features/users/service/logic.go:105.31,107.23 2 1
immersive-dashboard/features/users/service/logic.go:107.23,110.4 2 0
immersive-dashboard/features/users/service/logic.go:111.3,111.35 1 1
immersive-dashboard/features/users/service/logic.go:114.2,115.16 2 1
immersive-dashboard/features/users/service/logic.go:115.16,117.3 1 0
immersive-dashboard/features/users/service/logic.go:118.2,118.12 1 1
immersive-dashboard/features/users/service/logic.go:121.48,122.47 1 1
immersive-dashboard/features/users/service/logic.go:122.47,124.3 1 1
immersive-dashboard/features/users/service/logic.go:125.2,125.12 1 1
